This is XeTeX, Version 3.14159265-2.6-0.99992 (MiKTeX 2.9) (preloaded format=xelatex 2016.8.22)  6 DEC 2016 09:19
entering extended mode
**presento.tex
(presento.tex
LaTeX2e <2015/01/01> patch level 2
Babel <3.9m> and hyphenation patterns for 69 languages loaded.
("C:\Program Files (x86)\MiKTeX 2.9\tex\latex\beamer\base\beamer.cls"
("C:\Program Files (x86)\MiKTeX 2.9\tex\latex\beamer\base\beamerbasercs.sty"
Package: beamerbasercs 2015/03/08 (rcs-revision 368aa9ba9d38)
)
Document Class: beamer 2015/01/05 3.36 A class for typesetting presentations (r
cs-revision 8a39122e1f63)
("C:\Program Files (x86)\MiKTeX 2.9\tex\latex\beamer\base\beamerbasemodes.sty"
Package: beamerbasemodes 2013/09/03 (rcs-revision 768f2d98ca64)
\beamer@tempbox=\box26
\beamer@tempcount=\count80
\c@beamerpauses=\count81

("C:\Program Files (x86)\MiKTeX 2.9\tex\latex\beamer\base\beamerbasedecode.sty"
Package: beamerbasedecode 2010/05/01 (rcs-revision efa082c6111d)
\beamer@slideinframe=\count82
\beamer@minimum=\count83
)
\beamer@commentbox=\box27
\beamer@modecount=\count84
) ("C:\Program Files (x86)\MiKTeX 2.9\tex\generic\oberdiek\ifpdf.sty"
Package: ifpdf 2011/01/30 v2.3 Provides the ifpdf switch (HO)
Package ifpdf Info: pdfTeX in PDF mode is not detected.
)
\headheight=\dimen102
\headdp=\dimen103
\footheight=\dimen104
\sidebarheight=\dimen105
\beamer@tempdim=\dimen106
\beamer@finalheight=\dimen107
\beamer@animht=\dimen108
\beamer@animdp=\dimen109
\beamer@animwd=\dimen110
\beamer@leftmargin=\dimen111
\beamer@rightmargin=\dimen112
\beamer@leftsidebar=\dimen113
\beamer@rightsidebar=\dimen114
\beamer@boxsize=\dimen115
\beamer@vboxoffset=\dimen116
\beamer@descdefault=\dimen117
\beamer@descriptionwidth=\dimen118
\beamer@lastskip=\skip41
\beamer@areabox=\box28
\beamer@animcurrent=\box29
\beamer@animshowbox=\box30
\beamer@sectionbox=\box31
\beamer@logobox=\box32
\beamer@linebox=\box33
\beamer@sectioncount=\count85
\beamer@subsubsectionmax=\count86
\beamer@subsectionmax=\count87
\beamer@sectionmax=\count88
\beamer@totalheads=\count89
\beamer@headcounter=\count90
\beamer@partstartpage=\count91
\beamer@sectionstartpage=\count92
\beamer@subsectionstartpage=\count93
\beamer@animationtempa=\count94
\beamer@animationtempb=\count95
\beamer@xpos=\count96
\beamer@ypos=\count97
\beamer@showpartnumber=\count98
\beamer@currentsubsection=\count99
\beamer@coveringdepth=\count100
\beamer@sectionadjust=\count101
\beamer@tocsectionnumber=\count102

("C:\Program Files (x86)\MiKTeX 2.9\tex\latex\beamer\base\beamerbaseoptions.sty
"
Package: beamerbaseoptions 2013/03/10 (rcs-revision 47431932db0d)
 ("C:\Program Files (x86)\MiKTeX 2.9\tex\latex\graphics\keyval.sty"
Package: keyval 2014/10/28 v1.15 key=value parser (DPC)
\KV@toks@=\toks14
))
\beamer@paperwidth=\skip42
\beamer@paperheight=\skip43

("C:\Program Files (x86)\MiKTeX 2.9\tex\latex\geometry\geometry.sty"
Package: geometry 2010/09/12 v5.6 Page Geometry

("C:\Program Files (x86)\MiKTeX 2.9\tex\generic\oberdiek\ifvtex.sty"
Package: ifvtex 2010/03/01 v1.5 Detect VTeX and its facilities (HO)
Package ifvtex Info: VTeX not detected.
)
("C:\Program Files (x86)\MiKTeX 2.9\tex\generic\ifxetex\ifxetex.sty"
Package: ifxetex 2010/09/12 v0.6 Provides ifxetex conditional
)
\Gm@cnth=\count103
\Gm@cntv=\count104
\c@Gm@tempcnt=\count105
\Gm@bindingoffset=\dimen119
\Gm@wd@mp=\dimen120
\Gm@odd@mp=\dimen121
\Gm@even@mp=\dimen122
\Gm@layoutwidth=\dimen123
\Gm@layoutheight=\dimen124
\Gm@layouthoffset=\dimen125
\Gm@layoutvoffset=\dimen126
\Gm@dimlist=\toks15

("C:\Program Files (x86)\MiKTeX 2.9\tex\xelatex\xetexconfig\geometry.cfg"))
("C:\Program Files (x86)\MiKTeX 2.9\tex\latex\extsizes\size14.clo"
File: size14.clo 1999/11/11 v1.4a NON-Standard LaTeX file (size option)
Requested font "cmr12" at 14.4pt
)
("C:\Program Files (x86)\MiKTeX 2.9\tex\latex\pgf\basiclayer\pgfcore.sty"
("C:\Program Files (x86)\MiKTeX 2.9\tex\latex\graphics\graphicx.sty"
Package: graphicx 2014/10/28 v1.0g Enhanced LaTeX Graphics (DPC,SPQR)

("C:\Program Files (x86)\MiKTeX 2.9\tex\latex\graphics\graphics.sty"
Package: graphics 2014/10/28 v1.0p Standard LaTeX Graphics (DPC,SPQR)

("C:\Program Files (x86)\MiKTeX 2.9\tex\latex\graphics\trig.sty"
Package: trig 1999/03/16 v1.09 sin cos tan (DPC)
)
("C:\Program Files (x86)\MiKTeX 2.9\tex\latex\00miktex\graphics.cfg"
File: graphics.cfg 2007/01/18 v1.5 graphics configuration of teTeX/TeXLive
)
Package graphics Info: Driver file: xetex.def on input line 94.

("C:\Program Files (x86)\MiKTeX 2.9\tex\xelatex\xetex-def\xetex.def"
File: xetex.def 2015/09/11 v4.06 LaTeX color/graphics driver for XeTeX (TeX Liv
e/RRM/JK)

("C:\Program Files (x86)\MiKTeX 2.9\tex\generic\oberdiek\infwarerr.sty"
Package: infwarerr 2010/04/08 v1.3 Providing info/warning/error messages (HO)
)
("C:\Program Files (x86)\MiKTeX 2.9\tex\generic\oberdiek\ltxcmds.sty"
Package: ltxcmds 2011/11/09 v1.22 LaTeX kernel commands for general use (HO)
)))
\Gin@req@height=\dimen127
\Gin@req@width=\dimen128
)
("C:\Program Files (x86)\MiKTeX 2.9\tex\latex\pgf\systemlayer\pgfsys.sty"
("C:\Program Files (x86)\MiKTeX 2.9\tex\latex\pgf\utilities\pgfrcs.sty"
("C:\Program Files (x86)\MiKTeX 2.9\tex\generic\pgf\utilities\pgfutil-common.te
x"
\pgfutil@everybye=\toks16
\pgfutil@tempdima=\dimen129
\pgfutil@tempdimb=\dimen130

("C:\Program Files (x86)\MiKTeX 2.9\tex\generic\pgf\utilities\pgfutil-common-li
sts.tex"))
("C:\Program Files (x86)\MiKTeX 2.9\tex\generic\pgf\utilities\pgfutil-latex.def
"
\pgfutil@abb=\box34
 ("C:\Program Files (x86)\MiKTeX 2.9\tex\latex\ms\everyshi.sty"
Package: everyshi 2001/05/15 v3.00 EveryShipout Package (MS)
))
("C:\Program Files (x86)\MiKTeX 2.9\tex\generic\pgf\utilities\pgfrcs.code.tex"
Package: pgfrcs 2015/08/07 v3.0.1a (rcs-revision 1.31)
))
("C:\Program Files (x86)\MiKTeX 2.9\tex\generic\pgf\systemlayer\pgfsys.code.tex
"
Package: pgfsys 2014/07/09 v3.0.1a (rcs-revision 1.48)
 ("C:\Program Files (x86)\MiKTeX 2.9\tex\generic\pgf\utilities\pgfkeys.code.tex
"
\pgfkeys@pathtoks=\toks17
\pgfkeys@temptoks=\toks18

("C:\Program Files (x86)\MiKTeX 2.9\tex\generic\pgf\utilities\pgfkeysfiltered.c
ode.tex"
\pgfkeys@tmptoks=\toks19
))
\pgf@x=\dimen131
\pgf@y=\dimen132
\pgf@xa=\dimen133
\pgf@ya=\dimen134
\pgf@xb=\dimen135
\pgf@yb=\dimen136
\pgf@xc=\dimen137
\pgf@yc=\dimen138
\w@pgf@writea=\write3
\r@pgf@reada=\read1
\c@pgf@counta=\count106
\c@pgf@countb=\count107
\c@pgf@countc=\count108
\c@pgf@countd=\count109
\t@pgf@toka=\toks20
\t@pgf@tokb=\toks21
\t@pgf@tokc=\toks22

("C:\Program Files (x86)\MiKTeX 2.9\tex\generic\pgf\systemlayer\pgf.cfg"
File: pgf.cfg 2008/05/14  (rcs-revision 1.7)
)
Driver file for pgf: pgfsys-xetex.def

("C:\Program Files (x86)\MiKTeX 2.9\tex\generic\pgf\systemlayer\pgfsys-xetex.de
f"
File: pgfsys-xetex.def 2014/07/09  (rcs-revision 1.11)

("C:\Program Files (x86)\MiKTeX 2.9\tex\generic\pgf\systemlayer\pgfsys-dvipdfmx
.def"
File: pgfsys-dvipdfmx.def 2014/07/09  (rcs-revision 1.14)

("C:\Program Files (x86)\MiKTeX 2.9\tex\generic\pgf\systemlayer\pgfsys-common-p
df.def"
File: pgfsys-common-pdf.def 2013/10/10  (rcs-revision 1.13)
)
\pgfsys@objnum=\count110
)))
("C:\Program Files (x86)\MiKTeX 2.9\tex\generic\pgf\systemlayer\pgfsyssoftpath.
code.tex"
File: pgfsyssoftpath.code.tex 2013/09/09  (rcs-revision 1.9)
\pgfsyssoftpath@smallbuffer@items=\count111
\pgfsyssoftpath@bigbuffer@items=\count112
)
("C:\Program Files (x86)\MiKTeX 2.9\tex\generic\pgf\systemlayer\pgfsysprotocol.
code.tex"
File: pgfsysprotocol.code.tex 2006/10/16  (rcs-revision 1.4)
)) ("C:\Program Files (x86)\MiKTeX 2.9\tex\latex\xcolor\xcolor.sty"
Package: xcolor 2007/01/21 v2.11 LaTeX color extensions (UK)

("C:\Program Files (x86)\MiKTeX 2.9\tex\latex\00miktex\color.cfg"
File: color.cfg 2007/01/18 v1.5 color configuration of teTeX/TeXLive
)
Package xcolor Info: Driver file: xetex.def on input line 225.
Package xcolor Info: Model `cmy' substituted by `cmy0' on input line 1337.
Package xcolor Info: Model `RGB' extended on input line 1353.
Package xcolor Info: Model `HTML' substituted by `rgb' on input line 1355.
Package xcolor Info: Model `Hsb' substituted by `hsb' on input line 1356.
Package xcolor Info: Model `tHsb' substituted by `hsb' on input line 1357.
Package xcolor Info: Model `HSB' substituted by `hsb' on input line 1358.
Package xcolor Info: Model `Gray' substituted by `gray' on input line 1359.
Package xcolor Info: Model `wave' substituted by `hsb' on input line 1360.
)
("C:\Program Files (x86)\MiKTeX 2.9\tex\generic\pgf\basiclayer\pgfcore.code.tex
"
Package: pgfcore 2010/04/11 v3.0.1a (rcs-revision 1.7)
 ("C:\Program Files (x86)\MiKTeX 2.9\tex\generic\pgf\math\pgfmath.code.tex"
("C:\Program Files (x86)\MiKTeX 2.9\tex\generic\pgf\math\pgfmathcalc.code.tex"
("C:\Program Files (x86)\MiKTeX 2.9\tex\generic\pgf\math\pgfmathutil.code.tex")
("C:\Program Files (x86)\MiKTeX 2.9\tex\generic\pgf\math\pgfmathparser.code.tex
"
\pgfmath@dimen=\dimen139
\pgfmath@count=\count113
\pgfmath@box=\box35
\pgfmath@toks=\toks23
\pgfmath@stack@operand=\toks24
\pgfmath@stack@operation=\toks25
)
("C:\Program Files (x86)\MiKTeX 2.9\tex\generic\pgf\math\pgfmathfunctions.code.
tex"
("C:\Program Files (x86)\MiKTeX 2.9\tex\generic\pgf\math\pgfmathfunctions.basic
.code.tex")
("C:\Program Files (x86)\MiKTeX 2.9\tex\generic\pgf\math\pgfmathfunctions.trigo
nometric.code.tex")
("C:\Program Files (x86)\MiKTeX 2.9\tex\generic\pgf\math\pgfmathfunctions.rando
m.code.tex")
("C:\Program Files (x86)\MiKTeX 2.9\tex\generic\pgf\math\pgfmathfunctions.compa
rison.code.tex")
("C:\Program Files (x86)\MiKTeX 2.9\tex\generic\pgf\math\pgfmathfunctions.base.
code.tex")
("C:\Program Files (x86)\MiKTeX 2.9\tex\generic\pgf\math\pgfmathfunctions.round
.code.tex")
("C:\Program Files (x86)\MiKTeX 2.9\tex\generic\pgf\math\pgfmathfunctions.misc.
code.tex")
("C:\Program Files (x86)\MiKTeX 2.9\tex\generic\pgf\math\pgfmathfunctions.integ
erarithmetics.code.tex")))
("C:\Program Files (x86)\MiKTeX 2.9\tex\generic\pgf\math\pgfmathfloat.code.tex"
\c@pgfmathroundto@lastzeros=\count114
))
("C:\Program Files (x86)\MiKTeX 2.9\tex\generic\pgf\basiclayer\pgfcorepoints.co
de.tex"
File: pgfcorepoints.code.tex 2013/10/07  (rcs-revision 1.27)
\pgf@picminx=\dimen140
\pgf@picmaxx=\dimen141
\pgf@picminy=\dimen142
\pgf@picmaxy=\dimen143
\pgf@pathminx=\dimen144
\pgf@pathmaxx=\dimen145
\pgf@pathminy=\dimen146
\pgf@pathmaxy=\dimen147
\pgf@xx=\dimen148
\pgf@xy=\dimen149
\pgf@yx=\dimen150
\pgf@yy=\dimen151
\pgf@zx=\dimen152
\pgf@zy=\dimen153
)
("C:\Program Files (x86)\MiKTeX 2.9\tex\generic\pgf\basiclayer\pgfcorepathconst
ruct.code.tex"
File: pgfcorepathconstruct.code.tex 2013/10/07  (rcs-revision 1.29)
\pgf@path@lastx=\dimen154
\pgf@path@lasty=\dimen155
)
("C:\Program Files (x86)\MiKTeX 2.9\tex\generic\pgf\basiclayer\pgfcorepathusage
.code.tex"
File: pgfcorepathusage.code.tex 2014/11/02  (rcs-revision 1.24)
\pgf@shorten@end@additional=\dimen156
\pgf@shorten@start@additional=\dimen157
)
("C:\Program Files (x86)\MiKTeX 2.9\tex\generic\pgf\basiclayer\pgfcorescopes.co
de.tex"
File: pgfcorescopes.code.tex 2015/05/08  (rcs-revision 1.46)
\pgfpic=\box36
\pgf@hbox=\box37
\pgf@layerbox@main=\box38
\pgf@picture@serial@count=\count115
)
("C:\Program Files (x86)\MiKTeX 2.9\tex\generic\pgf\basiclayer\pgfcoregraphicst
ate.code.tex"
File: pgfcoregraphicstate.code.tex 2014/11/02  (rcs-revision 1.12)
\pgflinewidth=\dimen158
)
("C:\Program Files (x86)\MiKTeX 2.9\tex\generic\pgf\basiclayer\pgfcoretransform
ations.code.tex"
File: pgfcoretransformations.code.tex 2015/08/07  (rcs-revision 1.20)
\pgf@pt@x=\dimen159
\pgf@pt@y=\dimen160
\pgf@pt@temp=\dimen161
)
("C:\Program Files (x86)\MiKTeX 2.9\tex\generic\pgf\basiclayer\pgfcorequick.cod
e.tex"
File: pgfcorequick.code.tex 2008/10/09  (rcs-revision 1.3)
)
("C:\Program Files (x86)\MiKTeX 2.9\tex\generic\pgf\basiclayer\pgfcoreobjects.c
ode.tex"
File: pgfcoreobjects.code.tex 2006/10/11  (rcs-revision 1.2)
)
("C:\Program Files (x86)\MiKTeX 2.9\tex\generic\pgf\basiclayer\pgfcorepathproce
ssing.code.tex"
File: pgfcorepathprocessing.code.tex 2013/09/09  (rcs-revision 1.9)
)
("C:\Program Files (x86)\MiKTeX 2.9\tex\generic\pgf\basiclayer\pgfcorearrows.co
de.tex"
File: pgfcorearrows.code.tex 2015/05/14  (rcs-revision 1.43)
\pgfarrowsep=\dimen162
)
("C:\Program Files (x86)\MiKTeX 2.9\tex\generic\pgf\basiclayer\pgfcoreshade.cod
e.tex"
File: pgfcoreshade.code.tex 2013/07/15  (rcs-revision 1.15)
\pgf@max=\dimen163
\pgf@sys@shading@range@num=\count116
)
("C:\Program Files (x86)\MiKTeX 2.9\tex\generic\pgf\basiclayer\pgfcoreimage.cod
e.tex"
File: pgfcoreimage.code.tex 2013/07/15  (rcs-revision 1.18)

("C:\Program Files (x86)\MiKTeX 2.9\tex\generic\pgf\basiclayer\pgfcoreexternal.
code.tex"
File: pgfcoreexternal.code.tex 2014/07/09  (rcs-revision 1.21)
\pgfexternal@startupbox=\box39
))
("C:\Program Files (x86)\MiKTeX 2.9\tex\generic\pgf\basiclayer\pgfcorelayers.co
de.tex"
File: pgfcorelayers.code.tex 2013/07/18  (rcs-revision 1.7)
)
("C:\Program Files (x86)\MiKTeX 2.9\tex\generic\pgf\basiclayer\pgfcoretranspare
ncy.code.tex"
File: pgfcoretransparency.code.tex 2013/09/30  (rcs-revision 1.5)
)
("C:\Program Files (x86)\MiKTeX 2.9\tex\generic\pgf\basiclayer\pgfcorepatterns.
code.tex"
File: pgfcorepatterns.code.tex 2013/11/07  (rcs-revision 1.5)
)))
("C:\Program Files (x86)\MiKTeX 2.9\tex\latex\pgf\utilities\xxcolor.sty"
Package: xxcolor 2003/10/24 ver 0.1
\XC@nummixins=\count117
\XC@countmixins=\count118
)
("C:\Program Files (x86)\MiKTeX 2.9\tex\generic\oberdiek\atbegshi.sty"
Package: atbegshi 2011/10/05 v1.16 At begin shipout hook (HO)
)
("C:\Program Files (x86)\MiKTeX 2.9\tex\latex\hyperref\hyperref.sty"
Package: hyperref 2012/11/06 v6.83m Hypertext links for LaTeX

("C:\Program Files (x86)\MiKTeX 2.9\tex\generic\oberdiek\hobsub-hyperref.sty"
Package: hobsub-hyperref 2012/04/25 v1.12 Bundle oberdiek, subset hyperref (HO)


("C:\Program Files (x86)\MiKTeX 2.9\tex\generic\oberdiek\hobsub-generic.sty"
Package: hobsub-generic 2012/04/25 v1.12 Bundle oberdiek, subset generic (HO)
Package: hobsub 2012/04/25 v1.12 Construct package bundles (HO)
Package hobsub Info: Skipping package `infwarerr' (already loaded).
Package hobsub Info: Skipping package `ltxcmds' (already loaded).
Package: ifluatex 2010/03/01 v1.3 Provides the ifluatex switch (HO)
Package ifluatex Info: LuaTeX not detected.
Package hobsub Info: Skipping package `ifvtex' (already loaded).
Package: intcalc 2007/09/27 v1.1 Expandable calculations with integers (HO)
Package hobsub Info: Skipping package `ifpdf' (already loaded).
Package: etexcmds 2011/02/16 v1.5 Avoid name clashes with e-TeX commands (HO)
Package etexcmds Info: Could not find \expanded.
(etexcmds)             That can mean that you are not using pdfTeX 1.50 or
(etexcmds)             that some package has redefined \expanded.
(etexcmds)             In the latter case, load this package earlier.
Package: kvsetkeys 2012/04/25 v1.16 Key value parser (HO)
Package: kvdefinekeys 2011/04/07 v1.3 Define keys (HO)
Package: pdftexcmds 2011/11/29 v0.20 Utility functions of pdfTeX for LuaTeX (HO
)
Package pdftexcmds Info: LuaTeX not detected.
Package pdftexcmds Info: pdfTeX >= 1.30 not detected.
Package pdftexcmds Info: \pdf@primitive is available.
Package pdftexcmds Info: \pdf@ifprimitive is available.
Package pdftexcmds Info: \pdfdraftmode not found.
Package: pdfescape 2011/11/25 v1.13 Implements pdfTeX's escape features (HO)
Package: bigintcalc 2012/04/08 v1.3 Expandable calculations on big integers (HO
)
Package: bitset 2011/01/30 v1.1 Handle bit-vector datatype (HO)
Package: uniquecounter 2011/01/30 v1.2 Provide unlimited unique counter (HO)
)
Package hobsub Info: Skipping package `hobsub' (already loaded).
Package: letltxmacro 2010/09/02 v1.4 Let assignment for LaTeX macros (HO)
Package: hopatch 2011/06/24 v1.1 Wrapper for package hooks (HO)
Package: xcolor-patch 2011/01/30 xcolor patch
Package: atveryend 2011/06/30 v1.8 Hooks at the very end of document (HO)
Package atveryend Info: \enddocument detected (standard20110627).
Package hobsub Info: Skipping package `atbegshi' (already loaded).
Package: refcount 2011/10/16 v3.4 Data extraction from label references (HO)
Package: hycolor 2011/01/30 v1.7 Color options for hyperref/bookmark (HO)
)
("C:\Program Files (x86)\MiKTeX 2.9\tex\latex\oberdiek\auxhook.sty"
Package: auxhook 2011/03/04 v1.3 Hooks for auxiliary files (HO)
)
("C:\Program Files (x86)\MiKTeX 2.9\tex\latex\oberdiek\kvoptions.sty"
Package: kvoptions 2011/06/30 v3.11 Key value format for package options (HO)
)
\@linkdim=\dimen164
\Hy@linkcounter=\count119
\Hy@pagecounter=\count120

("C:\Program Files (x86)\MiKTeX 2.9\tex\latex\hyperref\pd1enc.def"
File: pd1enc.def 2012/11/06 v6.83m Hyperref: PDFDocEncoding definition (HO)
)
\Hy@SavedSpaceFactor=\count121

("C:\Program Files (x86)\MiKTeX 2.9\tex\latex\00miktex\hyperref.cfg"
File: hyperref.cfg 2002/06/06 v1.2 hyperref configuration of TeXLive
)
Package hyperref Info: Option `bookmarks' set `true' on input line 4319.
Package hyperref Info: Option `bookmarksopen' set `true' on input line 4319.
Package hyperref Info: Option `implicit' set `false' on input line 4319.
Package hyperref Info: Hyper figures OFF on input line 4443.
Package hyperref Info: Link nesting OFF on input line 4448.
Package hyperref Info: Hyper index ON on input line 4451.
Package hyperref Info: Plain pages OFF on input line 4458.
Package hyperref Info: Backreferencing OFF on input line 4463.
Package hyperref Info: Implicit mode OFF; no redefinition of LaTeX internals.
Package hyperref Info: Bookmarks ON on input line 4688.
\c@Hy@tempcnt=\count122

("C:\Program Files (x86)\MiKTeX 2.9\tex\latex\url\url.sty"
\Urlmuskip=\muskip10
Package: url 2013/09/16  ver 3.4  Verb mode for urls, etc.
)
LaTeX Info: Redefining \url on input line 5041.
\XeTeXLinkMargin=\dimen165
Requested font "pzdr" at 0.00002pt
\Fld@menulength=\count123
\Field@Width=\dimen166
\Fld@charsize=\dimen167
Package hyperref Info: Hyper figures OFF on input line 6295.
Package hyperref Info: Link nesting OFF on input line 6300.
Package hyperref Info: Hyper index ON on input line 6303.
Package hyperref Info: backreferencing OFF on input line 6310.
Package hyperref Info: Link coloring OFF on input line 6315.
Package hyperref Info: Link coloring with OCG OFF on input line 6320.
Package hyperref Info: PDF/A mode OFF on input line 6325.
LaTeX Info: Redefining \ref on input line 6365.
LaTeX Info: Redefining \pageref on input line 6369.
\Hy@abspage=\count124


Package hyperref Message: Stopped early.

)

Package hyperref Message: Driver (autodetected): hxetex.

("C:\Program Files (x86)\MiKTeX 2.9\tex\latex\hyperref\hxetex.def"
File: hxetex.def 2012/11/06 v6.83m Hyperref driver for XeTeX

("C:\Program Files (x86)\MiKTeX 2.9\tex\latex\hyperref\puenc.def"
File: puenc.def 2012/11/06 v6.83m Hyperref: PDF Unicode definition (HO)
)
("C:\Program Files (x86)\MiKTeX 2.9\tex\generic\oberdiek\stringenc.sty"
Package: stringenc 2011/12/02 v1.10 Convert strings between diff. encodings (HO
)
)
\pdfm@box=\box40
\c@Hy@AnnotLevel=\count125
\HyField@AnnotCount=\count126
\Fld@listcount=\count127
\c@bookmark@seq@number=\count128

("C:\Program Files (x86)\MiKTeX 2.9\tex\latex\oberdiek\rerunfilecheck.sty"
Package: rerunfilecheck 2011/04/15 v1.7 Rerun checks for auxiliary files (HO)
Package rerunfilecheck Info: Feature \pdfmdfivesum is not available
(rerunfilecheck)             (e.g. pdfTeX or LuaTeX with package `pdftexcmds').

(rerunfilecheck)             Therefore file contents cannot be checked efficien
tly
(rerunfilecheck)             and the loading of the package is aborted.
))
("C:\Program Files (x86)\MiKTeX 2.9\tex\generic\oberdiek\se-ascii-print.def"
File: se-ascii-print.def 2011/12/02 v1.10 stringenc: Printable ASCII characters

)
("C:\Program Files (x86)\MiKTeX 2.9\tex\latex\beamer\base\beamerbaserequires.st
y"
Package: beamerbaserequires 2010/05/01  (rcs-revision efa082c6111d)

("C:\Program Files (x86)\MiKTeX 2.9\tex\latex\beamer\base\beamerbasecompatibili
ty.sty"
Package: beamerbasecompatibility 2012/05/01  (rcs-revision 67c48b3b652d)
)
("C:\Program Files (x86)\MiKTeX 2.9\tex\latex\beamer\base\beamerbasefont.sty"
Package: beamerbasefont 2015/01/05  (rcs-revision b4b4bee242e2)

("C:\Program Files (x86)\MiKTeX 2.9\tex\latex\amsfonts\amssymb.sty"
Package: amssymb 2013/01/14 v3.01 AMS font symbols

("C:\Program Files (x86)\MiKTeX 2.9\tex\latex\amsfonts\amsfonts.sty"
Package: amsfonts 2013/01/14 v3.01 Basic AMSFonts support
\@emptytoks=\toks26
\symAMSa=\mathgroup4
\symAMSb=\mathgroup5
LaTeX Font Info:    Overwriting math alphabet `\mathfrak' in version `bold'
(Font)                  U/euf/m/n --> U/euf/b/n on input line 106.
))
("C:\Program Files (x86)\MiKTeX 2.9\tex\latex\sansmathaccent\sansmathaccent.sty
"
Package: sansmathaccent 2013/03/28
 ("C:\Program Files (x86)\MiKTeX 2.9\tex\latex\filehook\filehook.sty"
Package: filehook 2011/10/12 v0.5d Hooks for input files
)))
("C:\Program Files (x86)\MiKTeX 2.9\tex\latex\beamer\base\beamerbasetranslator.
sty"
Package: beamerbasetranslator 2010/06/11  (rcs-revision 85fd1cc7fc42)

("C:\Program Files (x86)\MiKTeX 2.9\tex\latex\beamer\base\translator\translator
.sty"
Package: translator 2010/06/12 ver 1.10

("C:\Program Files (x86)\MiKTeX 2.9\tex\latex\beamer\base\translator\translator
-language-mappings.tex")))
("C:\Program Files (x86)\MiKTeX 2.9\tex\latex\beamer\base\beamerbasemisc.sty"
Package: beamerbasemisc 2013/09/03  (rcs-revision a55719c41d85)
)
("C:\Program Files (x86)\MiKTeX 2.9\tex\latex\beamer\base\beamerbasetwoscreens.
sty"
Package: beamerbasetwoscreens 2010/05/01  (rcs-revision efa082c6111d)
)
("C:\Program Files (x86)\MiKTeX 2.9\tex\latex\beamer\base\beamerbaseoverlay.sty
"
Package: beamerbaseoverlay 2013/12/25  (rcs-revision f6bd5e3805da)
\beamer@argscount=\count129
\beamer@lastskipcover=\skip44
\beamer@trivlistdepth=\count130
) ("C:\Program Files (x86)\MiKTeX 2.9\tex\latex\beamer\base\beamerbasetitle.sty
"
Package: beamerbasetitle 2010/09/21  (rcs-revision f0446ed0b6ae)
)
("C:\Program Files (x86)\MiKTeX 2.9\tex\latex\beamer\base\beamerbasesection.sty
"
Package: beamerbasesection 2013/06/07  (rcs-revision 60b9fe0f342f)
\c@lecture=\count131
\c@part=\count132
\c@section=\count133
\c@subsection=\count134
\c@subsubsection=\count135
) ("C:\Program Files (x86)\MiKTeX 2.9\tex\latex\beamer\base\beamerbaseframe.sty
"
Package: beamerbaseframe 2014/02/20  (rcs-revision 4b8ceeeff434)
\beamer@framebox=\box41
\beamer@frametitlebox=\box42
\beamer@zoombox=\box43
\beamer@zoomcount=\count136
\beamer@zoomframecount=\count137
\beamer@frametextheight=\dimen168
\c@subsectionslide=\count138
\beamer@frametopskip=\skip45
\beamer@framebottomskip=\skip46
\beamer@frametopskipautobreak=\skip47
\beamer@framebottomskipautobreak=\skip48
\beamer@envbody=\toks27
\framewidth=\dimen169
\c@framenumber=\count139
)
("C:\Program Files (x86)\MiKTeX 2.9\tex\latex\beamer\base\beamerbaseverbatim.st
y"
Package: beamerbaseverbatim 2015/01/05  (rcs-revision 431510bb5890)
\beamer@verbatimfileout=\write4
)
("C:\Program Files (x86)\MiKTeX 2.9\tex\latex\beamer\base\beamerbaseframesize.s
ty"
Package: beamerbaseframesize 2011/09/12  (rcs-revision 70f9d8411e54)
\beamer@splitbox=\box44
\beamer@autobreakcount=\count140
\beamer@autobreaklastheight=\dimen170
\beamer@frametitletoks=\toks28
\beamer@framesubtitletoks=\toks29
)
("C:\Program Files (x86)\MiKTeX 2.9\tex\latex\beamer\base\beamerbaseframecompon
ents.sty"
Package: beamerbaseframecomponents 2013/10/18  (rcs-revision 5cf6c5555a45)
\beamer@footins=\box45
)
("C:\Program Files (x86)\MiKTeX 2.9\tex\latex\beamer\base\beamerbasecolor.sty"
Package: beamerbasecolor 2015/02/21  (rcs-revision d944b04ee2d5)
) ("C:\Program Files (x86)\MiKTeX 2.9\tex\latex\beamer\base\beamerbasenotes.sty
"
Package: beamerbasenotes 2012/12/19  (rcs-revision 1686da3db3c9)
\beamer@frameboxcopy=\box46
) ("C:\Program Files (x86)\MiKTeX 2.9\tex\latex\beamer\base\beamerbasetoc.sty"
Package: beamerbasetoc 2015/03/08  (rcs-revision 7270298bbaae)
)
("C:\Program Files (x86)\MiKTeX 2.9\tex\latex\beamer\base\beamerbasetemplates.s
ty"
Package: beamerbasetemplates 2010/05/01  (rcs-revision efa082c6111d)
\beamer@sbttoks=\toks30

("C:\Program Files (x86)\MiKTeX 2.9\tex\latex\beamer\base\beamerbaseauxtemplate
s.sty"
Package: beamerbaseauxtemplates 2014/06/30  (rcs-revision 580088513a67)

("C:\Program Files (x86)\MiKTeX 2.9\tex\latex\beamer\base\beamerbaseboxes.sty"
Package: beamerbaseboxes 2012/05/13  (rcs-revision 56972908a390)
\bmb@box=\box47
\bmb@colorbox=\box48
\bmb@boxshadow=\box49
\bmb@boxshadowball=\box50
\bmb@boxshadowballlarge=\box51
\bmb@temp=\dimen171
\bmb@dima=\dimen172
\bmb@dimb=\dimen173
\bmb@prevheight=\dimen174
)
\beamer@blockheadheight=\dimen175
))
("C:\Program Files (x86)\MiKTeX 2.9\tex\latex\beamer\base\beamerbaselocalstruct
ure.sty"
Package: beamerbaselocalstructure 2014/09/10  (rcs-revision 393f6dcff371)
 ("C:\Program Files (x86)\MiKTeX 2.9\tex\latex\tools\enumerate.sty"
Package: enumerate 2014/10/28 v3.00 enumerate extensions (DPC)
\@enLab=\toks31
)
\c@figure=\count141
\c@table=\count142
\abovecaptionskip=\skip49
\belowcaptionskip=\skip50
)
("C:\Program Files (x86)\MiKTeX 2.9\tex\latex\beamer\base\beamerbasenavigation.
sty"
Package: beamerbasenavigation 2015/02/27  (rcs-revision 923f4bf87efa)
\beamer@section@min@dim=\dimen176
)
("C:\Program Files (x86)\MiKTeX 2.9\tex\latex\beamer\base\beamerbasetheorems.st
y"
Package: beamerbasetheorems 2010/06/06  (rcs-revision 7e7cc5e53e9d)
 ("C:\Program Files (x86)\MiKTeX 2.9\tex\latex\amsmath\amsmath.sty"
Package: amsmath 2013/01/14 v2.14 AMS math features
\@mathmargin=\skip51

For additional information on amsmath, use the `?' option.
("C:\Program Files (x86)\MiKTeX 2.9\tex\latex\amsmath\amstext.sty"
Package: amstext 2000/06/29 v2.01

("C:\Program Files (x86)\MiKTeX 2.9\tex\latex\amsmath\amsgen.sty"
File: amsgen.sty 1999/11/30 v2.0
\@emptytoks=\toks32
\ex@=\dimen177
))
("C:\Program Files (x86)\MiKTeX 2.9\tex\latex\amsmath\amsbsy.sty"
Package: amsbsy 1999/11/29 v1.2d
\pmbraise@=\dimen178
)
("C:\Program Files (x86)\MiKTeX 2.9\tex\latex\amsmath\amsopn.sty"
Package: amsopn 1999/12/14 v2.01 operator names
)
\inf@bad=\count143
LaTeX Info: Redefining \frac on input line 210.
\uproot@=\count144
\leftroot@=\count145
LaTeX Info: Redefining \overline on input line 306.
\classnum@=\count146
\DOTSCASE@=\count147
LaTeX Info: Redefining \ldots on input line 378.
LaTeX Info: Redefining \dots on input line 381.
LaTeX Info: Redefining \cdots on input line 466.
\Mathstrutbox@=\box52
\strutbox@=\box53
\big@size=\dimen179
LaTeX Font Info:    Redeclaring font encoding OML on input line 566.
LaTeX Font Info:    Redeclaring font encoding OMS on input line 567.
\macc@depth=\count148
\c@MaxMatrixCols=\count149
\dotsspace@=\muskip11
\c@parentequation=\count150
\dspbrk@lvl=\count151
\tag@help=\toks33
\row@=\count152
\column@=\count153
\maxfields@=\count154
\andhelp@=\toks34
\eqnshift@=\dimen180
\alignsep@=\dimen181
\tagshift@=\dimen182
\tagwidth@=\dimen183
\totwidth@=\dimen184
\lineht@=\dimen185
\@envbody=\toks35
\multlinegap=\skip52
\multlinetaggap=\skip53
\mathdisplay@stack=\toks36
LaTeX Info: Redefining \[ on input line 2665.
LaTeX Info: Redefining \] on input line 2666.
)
("C:\Program Files (x86)\MiKTeX 2.9\tex\latex\amscls\amsthm.sty"
Package: amsthm 2015/03/04 v2.20.2
\thm@style=\toks37
\thm@bodyfont=\toks38
\thm@headfont=\toks39
\thm@notefont=\toks40
\thm@headpunct=\toks41
\thm@preskip=\skip54
\thm@postskip=\skip55
\thm@headsep=\skip56
\dth@everypar=\toks42
)
\c@theorem=\count155
)
("C:\Program Files (x86)\MiKTeX 2.9\tex\latex\beamer\base\beamerbasethemes.sty"
Package: beamerbasethemes 2010/05/01  (rcs-revision efa082c6111d)
))
Requested font "cmss12" at 14.4pt

("C:\Program Files (x86)\MiKTeX 2.9\tex\latex\beamer\base\themes\theme\beamerth
emedefault.sty"
Package: beamerthemedefault 2010/06/17  (rcs-revision d02a7cf4d8ae)

("C:\Program Files (x86)\MiKTeX 2.9\tex\latex\beamer\base\themes\font\beamerfon
tthemedefault.sty"
Package: beamerfontthemedefault 2012/12/19  (rcs-revision 1686da3db3c9)
)
("C:\Program Files (x86)\MiKTeX 2.9\tex\latex\beamer\base\themes\color\beamerco
lorthemedefault.sty"
Package: beamercolorthemedefault 2012/12/19  (rcs-revision 1686da3db3c9)
)
("C:\Program Files (x86)\MiKTeX 2.9\tex\latex\beamer\base\themes\inner\beamerin
nerthemedefault.sty"
Package: beamerinnerthemedefault 2014/06/30  (rcs-revision 580088513a67)
\beamer@dima=\dimen186
\beamer@dimb=\dimen187
)
("C:\Program Files (x86)\MiKTeX 2.9\tex\latex\beamer\base\themes\outer\beamerou
terthemedefault.sty"
Package: beamerouterthemedefault 2012/12/19  (rcs-revision 1686da3db3c9)
))) (config/presento.sty
Package: config/presento 

("C:\Program Files (x86)\MiKTeX 2.9\tex\latex\fontspec\fontspec.sty"
Package: fontspec 2015/07/22 v2.4d Font selection for XeLaTeX and LuaLaTeX

("C:\Program Files (x86)\MiKTeX 2.9\tex\latex\l3kernel\expl3.sty"
Package: expl3 2016/03/28 v6468 L3 programming layer (loader) 

("C:\Program Files (x86)\MiKTeX 2.9\tex\latex\l3kernel\expl3-code.tex"
Package: expl3 2016/03/28 v6468 L3 programming layer (code)
L3 Module: l3bootstrap 2016/02/12 v6412 L3 Bootstrap code
L3 Module: l3names 2016/03/11 v6433 L3 Namespace for primitives
L3 Module: l3basics 2015/11/22 v6315 L3 Basic definitions
L3 Module: l3expan 2015/09/10 v5983 L3 Argument expansion
L3 Module: l3tl 2016/03/26 v6465 L3 Token lists
L3 Module: l3str 2016/03/24 v6441 L3 Strings
L3 Module: l3seq 2015/08/05 v5777 L3 Sequences and stacks
L3 Module: l3int 2016/03/24 v6441 L3 Integers
\c_max_int=\count156
\l_tmpa_int=\count157
\l_tmpb_int=\count158
\g_tmpa_int=\count159
\g_tmpb_int=\count160
L3 Module: l3quark 2015/08/17 v5855 L3 Quarks
L3 Module: l3prg 2015/11/01 v6216 L3 Control structures
\g__prg_map_int=\count161
L3 Module: l3clist 2015/09/02 v5901 L3 Comma separated lists
L3 Module: l3token 2016/03/26 v6465 L3 Experimental token manipulation
L3 Module: l3prop 2016/01/05 v6366 L3 Property lists
L3 Module: l3msg 2016/03/26 v6464 L3 Messages
L3 Module: l3file 2016/03/25 v6458 L3 File and I/O operations
\l_iow_line_count_int=\count162
\l__iow_target_count_int=\count163
\l__iow_current_line_int=\count164
\l__iow_current_word_int=\count165
\l__iow_current_indentation_int=\count166
L3 Module: l3skip 2016/01/05 v6366 L3 Dimensions and skips
\c_zero_dim=\dimen188
\c_max_dim=\dimen189
\l_tmpa_dim=\dimen190
\l_tmpb_dim=\dimen191
\g_tmpa_dim=\dimen192
\g_tmpb_dim=\dimen193
\c_zero_skip=\skip57
\c_max_skip=\skip58
\l_tmpa_skip=\skip59
\l_tmpb_skip=\skip60
\g_tmpa_skip=\skip61
\g_tmpb_skip=\skip62
\c_zero_muskip=\muskip12
\c_max_muskip=\muskip13
\l_tmpa_muskip=\muskip14
\l_tmpb_muskip=\muskip15
\g_tmpa_muskip=\muskip16
\g_tmpb_muskip=\muskip17
L3 Module: l3keys 2015/11/17 v6284 L3 Key-value interfaces
\g__keyval_level_int=\count167
\l_keys_choice_int=\count168
L3 Module: l3fp 2016/03/26 v6465 L3 Floating points
\c__fp_leading_shift_int=\count169
\c__fp_middle_shift_int=\count170
\c__fp_trailing_shift_int=\count171
\c__fp_big_leading_shift_int=\count172
\c__fp_big_middle_shift_int=\count173
\c__fp_big_trailing_shift_int=\count174
\c__fp_Bigg_leading_shift_int=\count175
\c__fp_Bigg_middle_shift_int=\count176
\c__fp_Bigg_trailing_shift_int=\count177
L3 Module: l3box 2015/08/09 v5822 L3 Experimental boxes
\c_empty_box=\box54
\l_tmpa_box=\box55
\l_tmpb_box=\box56
\g_tmpa_box=\box57
\g_tmpb_box=\box58
L3 Module: l3coffins 2016/03/24 v6440 L3 Coffin code layer
\l__coffin_internal_box=\box59
\l__coffin_internal_dim=\dimen194
\l__coffin_offset_x_dim=\dimen195
\l__coffin_offset_y_dim=\dimen196
\l__coffin_x_dim=\dimen197
\l__coffin_y_dim=\dimen198
\l__coffin_x_prime_dim=\dimen199
\l__coffin_y_prime_dim=\dimen200
\c_empty_coffin=\box60
\l__coffin_aligned_coffin=\box61
\l__coffin_aligned_internal_coffin=\box62
\l_tmpa_coffin=\box63
\l_tmpb_coffin=\box64
\l__coffin_display_coffin=\box65
\l__coffin_display_coord_coffin=\box66
\l__coffin_display_pole_coffin=\box67
\l__coffin_display_offset_dim=\dimen201
\l__coffin_display_x_dim=\dimen202
\l__coffin_display_y_dim=\dimen203
L3 Module: l3color 2014/08/23 v5354 L3 Experimental color support
L3 Module: l3sys 2015/09/25 v6087 L3 Experimental system/runtime functions
L3 Module: l3candidates 2016/03/25 v6456 L3 Experimental additions to l3kernel
\l__box_top_dim=\dimen204
\l__box_bottom_dim=\dimen205
\l__box_left_dim=\dimen206
\l__box_right_dim=\dimen207
\l__box_top_new_dim=\dimen208
\l__box_bottom_new_dim=\dimen209
\l__box_left_new_dim=\dimen210
\l__box_right_new_dim=\dimen211
\l__box_internal_box=\box68
\l__coffin_bounding_shift_dim=\dimen212
\l__coffin_left_corner_dim=\dimen213
\l__coffin_right_corner_dim=\dimen214
\l__coffin_bottom_corner_dim=\dimen215
\l__coffin_top_corner_dim=\dimen216
\l__coffin_scaled_total_height_dim=\dimen217
\l__coffin_scaled_width_dim=\dimen218
L3 Module: l3luatex 2016/03/26 v6465 L3 Experimental LuaTeX-specific functions
)
("C:\Program Files (x86)\MiKTeX 2.9\tex\latex\l3kernel\l3xdvipdfmx.def"
File: l3xdvidpfmx.def 2016/03/26 v6465 L3 Experimental driver: xdvipdfmx
))
("C:\Program Files (x86)\MiKTeX 2.9\tex\latex\l3packages\xparse\xparse.sty"
Package: xparse 2016/03/28 v6468 L3 Experimental document command parser
\l__xparse_current_arg_int=\count178
\l__xparse_m_args_int=\count179
\l__xparse_mandatory_args_int=\count180
\l__xparse_processor_int=\count181
\l__xparse_v_nesting_int=\count182
)
\l_fontspec_script_int=\count183
\l_fontspec_language_int=\count184
\l_fontspec_strnum_int=\count185
\l__fontspec_tmpa_dim=\dimen219
\l__fontspec_tmpb_dim=\dimen220
\l__fontspec_tmpc_dim=\dimen221

("C:\Program Files (x86)\MiKTeX 2.9\tex\latex\fontspec\fontspec-patches.sty"
Package: fontspec-patches 2015/07/22 v2.4d Font selection for XeLaTeX and LuaLa
TeX
LaTeX Info: Redefining \em on input line 49.
LaTeX Info: Redefining \emph on input line 57.
LaTeX Info: Redefining \- on input line 60.
.................................................
. LaTeX info: "xparse/redefine-command"
. 
. Redefining command \oldstylenums with sig. 'm' on line 155.
.................................................
.................................................
. LaTeX info: "xparse/define-command"
. 
. Defining command \liningnums with sig. 'm' on line 159.
.................................................
)
("C:\Program Files (x86)\MiKTeX 2.9\tex\latex\fontspec\fontspec-xetex.sty"
Package: fontspec-xetex 2015/07/22 v2.4d Font selection for XeLaTeX and LuaLaTe
X

("C:\Program Files (x86)\MiKTeX 2.9\tex\latex\base\fontenc.sty"
Package: fontenc 2005/09/27 v1.99g Standard LaTeX package

("C:\Program Files (x86)\MiKTeX 2.9\tex\latex\euenc\eu1enc.def"
File: eu1enc.def 2010/05/27 v0.1h Experimental Unicode font encodings
)
LaTeX Font Info:    Try loading font information for EU1+lmr on input line 105.


("C:\Program Files (x86)\MiKTeX 2.9\tex\latex\euenc\eu1lmr.fd"
File: eu1lmr.fd 2009/10/30 v1.6 Font defs for Latin Modern
)
Requested font "[lmroman10-regular]:mapping=tex-text" at 10.0pt
 -> C:/Program Files (x86)/MiKTeX 2.9/fonts/opentype/public/lm/lmroman10-regula
r.otf
)
("C:\Program Files (x86)\MiKTeX 2.9\tex\xelatex\xunicode\xunicode.sty"
File: xunicode.sty 2011/09/09 v0.981 provides access to latin accents and many 
other characters in Unicode lower plane

("C:\Program Files (x86)\MiKTeX 2.9\tex\latex\tipa\t3enc.def"
File: t3enc.def 2001/12/31 T3 encoding
Requested font "[lmromanslant10-regular]:mapping=tex-text" at 10.0pt
 -> C:/Program Files (x86)/MiKTeX 2.9/fonts/opentype/public/lm/lmromanslant10-r
egular.otf
Requested font "[lmroman10-italic]:mapping=tex-text" at 10.0pt
 -> C:/Program Files (x86)/MiKTeX 2.9/fonts/opentype/public/lm/lmroman10-italic
.otf
Requested font "[lmroman10-bold]:mapping=tex-text" at 10.0pt
 -> C:/Program Files (x86)/MiKTeX 2.9/fonts/opentype/public/lm/lmroman10-bold.o
tf
LaTeX Font Info:    Try loading font information for EU1+lmss on input line 357
.

("C:\Program Files (x86)\MiKTeX 2.9\tex\latex\euenc\eu1lmss.fd"
File: eu1lmss.fd 2009/10/30 v1.6 Font defs for Latin Modern
)
Requested font "[lmsans10-regular]:mapping=tex-text" at 10.0pt
 -> C:/Program Files (x86)/MiKTeX 2.9/fonts/opentype/public/lm/lmsans10-regular
.otf
)
\tipaTiiicode=\count186
\tipasavetokens=\toks43
\tipachecktokens=\toks44
)
.................................................
. LaTeX info: "xparse/define-command"
. 
. Defining command \__fontspec_post_arg:w with sig. 'mmO{}' on line 42.
.................................................
.................................................
. LaTeX info: "xparse/define-command"
. 
. Defining command \fontspec with sig. 'om' on line 44.
.................................................
.................................................
. LaTeX info: "xparse/define-command"
. 
. Defining command \setmainfont with sig. 'om' on line 54.
.................................................
.................................................
. LaTeX info: "xparse/define-command"
. 
. Defining command \setsansfont with sig. 'om' on line 64.
.................................................
.................................................
. LaTeX info: "xparse/define-command"
. 
. Defining command \setmonofont with sig. 'om' on line 74.
.................................................
.................................................
. LaTeX info: "xparse/define-command"
. 
. Defining command \setmathrm with sig. 'om' on line 88.
.................................................
.................................................
. LaTeX info: "xparse/define-command"
. 
. Defining command \setboldmathrm with sig. 'om' on line 96.
.................................................
.................................................
. LaTeX info: "xparse/define-command"
. 
. Defining command \setmathsf with sig. 'om' on line 104.
.................................................
.................................................
. LaTeX info: "xparse/define-command"
. 
. Defining command \setmathtt with sig. 'om' on line 112.
.................................................
.................................................
. LaTeX info: "xparse/define-command"
. 
. Defining command \newfontfamily with sig. 'mom' on line 126.
.................................................
.................................................
. LaTeX info: "xparse/define-command"
. 
. Defining command \newfontface with sig. 'mom' on line 141.
.................................................
.................................................
. LaTeX info: "xparse/define-command"
. 
. Defining command \defaultfontfeatures with sig. 't+om' on line 155.
.................................................
.................................................
. LaTeX info: "xparse/define-command"
. 
. Defining command \addfontfeatures with sig. 'm' on line 210.
.................................................
.................................................
. LaTeX info: "xparse/define-command"
. 
. Defining command \newfontfeature with sig. 'mm' on line 221.
.................................................
.................................................
. LaTeX info: "xparse/define-command"
. 
. Defining command \newAATfeature with sig. 'mmmm' on line 229.
.................................................
.................................................
. LaTeX info: "xparse/define-command"
. 
. Defining command \newopentypefeature with sig. 'mmm' on line 237.
.................................................
.................................................
. LaTeX info: "xparse/define-command"
. 
. Defining command \aliasfontfeature with sig. 'mm' on line 261.
.................................................
.................................................
. LaTeX info: "xparse/define-command"
. 
. Defining command \aliasfontfeatureoption with sig. 'mmm' on line 270.
.................................................
.................................................
. LaTeX info: "xparse/define-command"
. 
. Defining command \newfontscript with sig. 'mm' on line 275.
.................................................
.................................................
. LaTeX info: "xparse/define-command"
. 
. Defining command \newfontlanguage with sig. 'mm' on line 301.
.................................................
.................................................
. LaTeX info: "xparse/define-command"
. 
. Defining command \DeclareFontsExtensions with sig. 'm' on line 321.
.................................................
\l__fontspec_tmp_int=\count187
LaTeX Info: Redefining \itshape on input line 2230.
LaTeX Info: Redefining \slshape on input line 2235.
LaTeX Info: Redefining \scshape on input line 2240.
LaTeX Info: Redefining \upshape on input line 2245.

("C:\Program Files (x86)\MiKTeX 2.9\tex\latex\fontspec\fontspec.cfg")))
("C:\Program Files (x86)\MiKTeX 2.9\tex\latex\setspace\setspace.sty"
Package: setspace 2011/12/19 v6.7a set line spacing
)
("C:\Program Files (x86)\MiKTeX 2.9\tex\latex\pgf\frontendlayer\tikz.sty"
("C:\Program Files (x86)\MiKTeX 2.9\tex\latex\pgf\basiclayer\pgf.sty"
Package: pgf 2015/08/07 v3.0.1a (rcs-revision 1.15)

("C:\Program Files (x86)\MiKTeX 2.9\tex\generic\pgf\modules\pgfmoduleshapes.cod
e.tex"
File: pgfmoduleshapes.code.tex 2014/03/21  (rcs-revision 1.35)
\pgfnodeparttextbox=\box69
)
("C:\Program Files (x86)\MiKTeX 2.9\tex\generic\pgf\modules\pgfmoduleplot.code.
tex"
File: pgfmoduleplot.code.tex 2015/08/03  (rcs-revision 1.13)
)
("C:\Program Files (x86)\MiKTeX 2.9\tex\latex\pgf\compatibility\pgfcomp-version
-0-65.sty"
Package: pgfcomp-version-0-65 2007/07/03 v3.0.1a (rcs-revision 1.7)
\pgf@nodesepstart=\dimen222
\pgf@nodesepend=\dimen223
)
("C:\Program Files (x86)\MiKTeX 2.9\tex\latex\pgf\compatibility\pgfcomp-version
-1-18.sty"
Package: pgfcomp-version-1-18 2007/07/23 v3.0.1a (rcs-revision 1.1)
))
("C:\Program Files (x86)\MiKTeX 2.9\tex\latex\pgf\utilities\pgffor.sty"
("C:\Program Files (x86)\MiKTeX 2.9\tex\latex\pgf\utilities\pgfkeys.sty"
("C:\Program Files (x86)\MiKTeX 2.9\tex\generic\pgf\utilities\pgfkeys.code.tex"
)) ("C:\Program Files (x86)\MiKTeX 2.9\tex\latex\pgf\math\pgfmath.sty"
("C:\Program Files (x86)\MiKTeX 2.9\tex\generic\pgf\math\pgfmath.code.tex"))
("C:\Program Files (x86)\MiKTeX 2.9\tex\generic\pgf\utilities\pgffor.code.tex"
Package: pgffor 2013/12/13 v3.0.1a (rcs-revision 1.25)

("C:\Program Files (x86)\MiKTeX 2.9\tex\generic\pgf\math\pgfmath.code.tex")
\pgffor@iter=\dimen224
\pgffor@skip=\dimen225
\pgffor@stack=\toks45
\pgffor@toks=\toks46
))
("C:\Program Files (x86)\MiKTeX 2.9\tex\generic\pgf\frontendlayer\tikz\tikz.cod
e.tex"
Package: tikz 2015/08/07 v3.0.1a (rcs-revision 1.151)

("C:\Program Files (x86)\MiKTeX 2.9\tex\generic\pgf\libraries\pgflibraryplothan
dlers.code.tex"
File: pgflibraryplothandlers.code.tex 2013/08/31 v3.0.1a (rcs-revision 1.20)
\pgf@plot@mark@count=\count188
\pgfplotmarksize=\dimen226
)
\tikz@lastx=\dimen227
\tikz@lasty=\dimen228
\tikz@lastxsaved=\dimen229
\tikz@lastysaved=\dimen230
\tikzleveldistance=\dimen231
\tikzsiblingdistance=\dimen232
\tikz@figbox=\box70
\tikz@figbox@bg=\box71
\tikz@tempbox=\box72
\tikz@tempbox@bg=\box73
\tikztreelevel=\count189
\tikznumberofchildren=\count190
\tikznumberofcurrentchild=\count191
\tikz@fig@count=\count192

("C:\Program Files (x86)\MiKTeX 2.9\tex\generic\pgf\modules\pgfmodulematrix.cod
e.tex"
File: pgfmodulematrix.code.tex 2013/09/17  (rcs-revision 1.8)
\pgfmatrixcurrentrow=\count193
\pgfmatrixcurrentcolumn=\count194
\pgf@matrix@numberofcolumns=\count195
)
\tikz@expandcount=\count196

("C:\Program Files (x86)\MiKTeX 2.9\tex\generic\pgf\frontendlayer\tikz\librarie
s\tikzlibrarytopaths.code.tex"
File: tikzlibrarytopaths.code.tex 2008/06/17 v3.0.1a (rcs-revision 1.2)
)))
("C:\Program Files (x86)\MiKTeX 2.9\tex\latex\enumitem\enumitem.sty"
Package: enumitem 2011/09/28 v3.5.2 Customized lists
\labelindent=\skip63
\enit@outerparindent=\dimen233
\enit@toks=\toks47
\enit@inbox=\box74
\enitdp@description=\count197
)
\g__file_internal_ior=\read2
Requested font "[fonts/Montserrat-Regular]/OT" at 10.0pt
 -> ./fonts/Montserrat-Regular.ttf
\g__fontspec_family_Montserrat-Regular_int=\count198
Requested font "[lmroman12-regular]:mapping=tex-text" at 14.4pt
 -> C:/Program Files (x86)/MiKTeX 2.9/fonts/opentype/public/lm/lmroman12-regula
r.otf
Requested font "[fonts/Montserrat-Bold]/OT" at 10.0pt
 -> ./fonts/Montserrat-Bold.ttf
.................................................
. fontspec info: "defining-font"
. 
. Font family 'Montserrat-Regular(0)' created for font 'Montserrat-Regular'
. with options [Path=fonts/,BoldFont=Montserrat-Bold].
. 
. This font family consists of the following shapes:
. 
. * 'normal' with NFSS spec.:
. <->"[fonts/Montserrat-Regular]/OT:script=latn;language=DFLT;"
. 
. * 'small caps' with NFSS spec.:
. 
. and font adjustment code:
. 
. 
. * 'bold' with NFSS spec.:
. <->"[fonts/Montserrat-Bold]/OT:script=latn;language=DFLT;"
. 
. * 'bold small caps' with NFSS spec.:
. 
. and font adjustment code:
. 
.................................................
Requested font "[fonts/NotoSans-Regular]/OT" at 10.0pt
 -> ./fonts/NotoSans-Regular.ttf
\g__fontspec_family_NotoSans-Regular_int=\count199
Requested font "[fonts/AlegreyaSansSC-Regular]/OT" at 10.0pt
 -> ./fonts/AlegreyaSansSC-Regular.otf
Requested font "[fonts/NotoSans-Bold]/OT" at 10.0pt
 -> ./fonts/NotoSans-Bold.ttf
Requested font "[fonts/NotoSans-Italic]/OT" at 10.0pt
 -> ./fonts/NotoSans-Italic.ttf
Requested font "[fonts/NotoSans-BoldItalic]/OT" at 10.0pt
 -> ./fonts/NotoSans-BoldItalic.ttf
.................................................
. fontspec info: "defining-font"
. 
. Font family 'NotoSans-Regular(0)' created for font 'NotoSans-Regular' with
. options
. [Path=fonts/,BoldFont=NotoSans-Bold,ItalicFont=NotoSans-Italic,BoldItalicFont
=NotoSans-BoldItalic,SmallCapsFont=AlegreyaSansSC-Regular].
. 
. This font family consists of the following shapes:
. 
. * 'normal' with NFSS spec.:
. <->"[fonts/NotoSans-Regular]/OT:script=latn;language=DFLT;"
. 
. * 'small caps' with NFSS spec.:
. <->"[fonts/AlegreyaSansSC-Regular]/OT:script=latn;language=DFLT;"
. and font adjustment code:
. 
. 
. * 'bold' with NFSS spec.:
. <->"[fonts/NotoSans-Bold]/OT:script=latn;language=DFLT;"
. 
. * 'bold small caps' with NFSS spec.:
. <->"[fonts/AlegreyaSansSC-Regular]/OT:script=latn;language=DFLT;"
. and font adjustment code:
. 
. 
. * 'italic' with NFSS spec.:
. <->"[fonts/NotoSans-Italic]/OT:script=latn;language=DFLT;"
. 
. * 'small caps' with NFSS spec.:
. <->"[fonts/AlegreyaSansSC-Regular]/OT:script=latn;language=DFLT;"
. and font adjustment code:
. 
. 
. * 'bold italic' with NFSS spec.:
. <->"[fonts/NotoSans-BoldItalic]/OT:script=latn;language=DFLT;"
. 
. * 'bold small caps' with NFSS spec.:
. <->"[fonts/AlegreyaSansSC-Regular]/OT:script=latn;language=DFLT;"
. and font adjustment code:
. 
.................................................
Requested font "[fonts/Lato-Lig]/OT" at 10.0pt
 -> ./fonts/Lato-Lig.ttf
\g__fontspec_family_Lato-Lig_int=\count200
.................................................
. fontspec info: "defining-font"
. 
. Font family 'Lato-Lig(0)' created for font 'Lato-Lig' with options
. [Path=fonts/].
. 
. This font family consists of the following shapes:
. 
. * 'normal' with NFSS spec.:
. <->"[fonts/Lato-Lig]/OT:script=latn;language=DFLT;"
. 
. * 'small caps' with NFSS spec.:
. 
. and font adjustment code:
. 
.................................................
Requested font "[fonts/Inconsolata]/OT" at 10.0pt
 -> ./fonts/Inconsolata.otf
.................................................
. fontspec info: "no-scripts"
. 
. Font Inconsolata does not contain any OpenType `Script' information.
.................................................
\g__fontspec_family_Inconsolata_int=\count201
.................................................
. fontspec info: "defining-font"
. 
. Font family 'Inconsolata(0)' created for font 'Inconsolata' with options
. [Path=fonts/].
. 
. This font family consists of the following shapes:
. 
. * 'normal' with NFSS spec.:
. <->"[fonts/Inconsolata]/OT:"
. 
. * 'small caps' with NFSS spec.:
. 
. and font adjustment code:
. 
.................................................
.................................................
. fontspec info: "defining-font"
. 
. Font family 'NotoSans-Regular(1)' created for font 'NotoSans-Regular' with
. options
. [Ligatures=TeX,Ligatures=TeX,Path=fonts/,BoldFont=NotoSans-Bold,ItalicFont=No
toSans-Italic,BoldItalicFont=NotoSans-BoldItalic,SmallCapsFont=AlegreyaSansSC-R
egular].
. 
. This font family consists of the following shapes:
. 
. * 'normal' with NFSS spec.:
. 
. <->"[fonts/NotoSans-Regular]/OT:script=latn;language=DFLT;mapping=tex-text;ma
pping=tex-text;"
. 
. * 'small caps' with NFSS spec.:
. 
. <->"[fonts/AlegreyaSansSC-Regular]/OT:script=latn;language=DFLT;mapping=tex-t
ext;mapping=tex-text;"
. and font adjustment code:
. 
. 
. * 'bold' with NFSS spec.:
. 
. <->"[fonts/NotoSans-Bold]/OT:script=latn;language=DFLT;mapping=tex-text;mappi
ng=tex-text;"
. 
. * 'bold small caps' with NFSS spec.:
. 
. <->"[fonts/AlegreyaSansSC-Regular]/OT:script=latn;language=DFLT;mapping=tex-t
ext;mapping=tex-text;"
. and font adjustment code:
. 
. 
. * 'italic' with NFSS spec.:
. 
. <->"[fonts/NotoSans-Italic]/OT:script=latn;language=DFLT;mapping=tex-text;map
ping=tex-text;"
. 
. * 'small caps' with NFSS spec.:
. 
. <->"[fonts/AlegreyaSansSC-Regular]/OT:script=latn;language=DFLT;mapping=tex-t
ext;mapping=tex-text;"
. and font adjustment code:
. 
. 
. * 'bold italic' with NFSS spec.:
. 
. <->"[fonts/NotoSans-BoldItalic]/OT:script=latn;language=DFLT;mapping=tex-text
;mapping=tex-text;"
. 
. * 'bold small caps' with NFSS spec.:
. 
. <->"[fonts/AlegreyaSansSC-Regular]/OT:script=latn;language=DFLT;mapping=tex-t
ext;mapping=tex-text;"
. and font adjustment code:
. 
.................................................
Requested font "[fonts/NotoSans-Regular]/OT:script=latn;language=DFLT;mapping=t
ex-text;mapping=tex-text;" at 10.0pt
 -> ./fonts/NotoSans-Regular.ttf
.................................................
. fontspec info: "no-scripts"
. 
. Font Inconsolata does not contain any OpenType `Script' information.
.................................................
Requested font "[fonts/NotoSans-Regular]/OT:script=latn;language=DFLT;mapping=t
ex-text;mapping=tex-text;" at 14.4pt
 -> ./fonts/NotoSans-Regular.ttf
.................................................
. fontspec info: "defining-font"
. 
. Font family 'Inconsolata(1)' created for font 'Inconsolata' with options
. [WordSpace={1,0,0},PunctuationSpace=WordSpace,Ligatures=TeX,Path=fonts/,Small
CapsFont=AlegreyaSansSC-Regular].
. 
. This font family consists of the following shapes:
. 
. * 'normal' with NFSS spec.:
. <->"[fonts/Inconsolata]/OT:mapping=tex-text;"
. 
. * 'small caps' with NFSS spec.:
. <->"[fonts/AlegreyaSansSC-Regular]/OT:mapping=tex-text;"
. and font adjustment code:
. \fontdimen 2\font =1\fontdimen 2\font \fontdimen 3\font =0\fontdimen 3\font
. \fontdimen 4\font =0\fontdimen 4\font \fontdimen 7\font =0\fontdimen 2\font 
.................................................
\c@totalfr=\count202
)
(config/custom-command.tex
(C:\Users\albyr\AppData\Roaming\MiKTeX\2.9\tex\latex\textpos\textpos.sty
Package: textpos 2016/06/07 v1.8

Package: textpos 2016/06/07 1.8, absolute positioning of text on the page
\TP@textbox=\box75
\TPHorizModule=\dimen256
\TPVertModule=\dimen257
\TP@margin=\dimen258
\TP@absmargin=\dimen259
Grid set 16 x 16 = 22.7622pt x 17.07166pt
\TPboxrulesize=\dimen260
\TP@tbargs=\toks48
\TP@prevdepth=\dimen261
)) (presento.aux)
LaTeX Font Info:    Checking defaults for OML/cmm/m/it on input line 16.
LaTeX Font Info:    ... okay on input line 16.
LaTeX Font Info:    Checking defaults for T1/cmr/m/n on input line 16.
LaTeX Font Info:    ... okay on input line 16.
LaTeX Font Info:    Checking defaults for OT1/cmr/m/n on input line 16.
LaTeX Font Info:    ... okay on input line 16.
LaTeX Font Info:    Checking defaults for OMS/cmsy/m/n on input line 16.
LaTeX Font Info:    ... okay on input line 16.
LaTeX Font Info:    Checking defaults for OMX/cmex/m/n on input line 16.
LaTeX Font Info:    ... okay on input line 16.
LaTeX Font Info:    Checking defaults for U/cmr/m/n on input line 16.
LaTeX Font Info:    ... okay on input line 16.
LaTeX Font Info:    Checking defaults for PD1/pdf/m/n on input line 16.
LaTeX Font Info:    ... okay on input line 16.
LaTeX Font Info:    Checking defaults for PU/pdf/m/n on input line 16.
LaTeX Font Info:    ... okay on input line 16.
LaTeX Font Info:    Checking defaults for EU1/lmr/m/n on input line 16.
LaTeX Font Info:    ... okay on input line 16.
LaTeX Font Info:    Checking defaults for T3/cmr/m/n on input line 16.
LaTeX Font Info:    Try loading font information for T3+cmr on input line 16.
 ("C:\Program Files (x86)\MiKTeX 2.9\tex\latex\tipa\t3cmr.fd"
File: t3cmr.fd 2001/12/31 TIPA font definitions
)
LaTeX Font Info:    ... okay on input line 16.
*geometry* detected driver: pdftex
*geometry* verbose mode - [ preamble ] result:
* driver: pdftex
* paper: custom
* layout: <same size as paper>
* layoutoffset:(h,v)=(0.0pt,0.0pt)
* modes: includehead includefoot 
* h-part:(L,W,R)=(28.45274pt, 307.28987pt, 28.45274pt)
* v-part:(T,H,B)=(0.0pt, 273.14662pt, 0.0pt)
* \paperwidth=364.19536pt
* \paperheight=273.14662pt
* \textwidth=307.28987pt
* \textheight=244.6939pt
* \oddsidemargin=-43.81725pt
* \evensidemargin=-43.81725pt
* \topmargin=-72.26999pt
* \headheight=14.22636pt
* \headsep=0.0pt
* \topskip=14.0pt
* \footskip=14.22636pt
* \marginparwidth=4.0pt
* \marginparsep=10.0pt
* \columnsep=10.0pt
* \skip\footins=12.0pt plus 4.0pt minus 2.0pt
* \hoffset=0.0pt
* \voffset=0.0pt
* \mag=1000
* \@twocolumnfalse
* \@twosidefalse
* \@mparswitchfalse
* \@reversemarginfalse
* (1in=72.27pt=25.4mm, 1cm=28.453pt)

ABD: EveryShipout initializing macros
\AtBeginShipoutBox=\box76
Package hyperref Info: Link coloring OFF on input line 16.

("C:\Program Files (x86)\MiKTeX 2.9\tex\latex\hyperref\nameref.sty"
Package: nameref 2012/10/27 v2.43 Cross-referencing by name of section

("C:\Program Files (x86)\MiKTeX 2.9\tex\generic\oberdiek\gettitlestring.sty"
Package: gettitlestring 2010/12/03 v1.4 Cleanup title references (HO)
)
\c@section@level=\count203
)
LaTeX Info: Redefining \ref on input line 16.
LaTeX Info: Redefining \pageref on input line 16.
LaTeX Info: Redefining \nameref on input line 16.

(presento.out) (presento.out)
\@outlinefile=\write5
LaTeX Font Info:    Overwriting symbol font `operators' in version `normal'
(Font)                  OT1/cmr/m/n --> OT1/cmss/m/n on input line 16.
LaTeX Font Info:    Overwriting symbol font `operators' in version `bold'
(Font)                  OT1/cmr/bx/n --> OT1/cmss/bx/n on input line 16.
\symnumbers=\mathgroup6
\sympureletters=\mathgroup7
LaTeX Font Info:    Overwriting math alphabet `\mathrm' in version `normal'
(Font)                  OT1/cmss/m/n --> EU1/NotoSans-Regular(1)/m/n on input l
ine 16.
LaTeX Font Info:    Redeclaring math alphabet \mathbf on input line 16.
LaTeX Font Info:    Overwriting math alphabet `\mathbf' in version `normal'
(Font)                  OT1/cmr/bx/n --> EU1/NotoSans-Regular(1)/bx/n on input 
line 16.
LaTeX Font Info:    Overwriting math alphabet `\mathbf' in version `bold'
(Font)                  OT1/cmr/bx/n --> EU1/NotoSans-Regular(1)/bx/n on input 
line 16.
LaTeX Font Info:    Redeclaring math alphabet \mathsf on input line 16.
LaTeX Font Info:    Overwriting math alphabet `\mathsf' in version `normal'
(Font)                  OT1/cmss/m/n --> EU1/NotoSans-Regular(1)/m/n on input l
ine 16.
LaTeX Font Info:    Overwriting math alphabet `\mathsf' in version `bold'
(Font)                  OT1/cmss/bx/n --> EU1/NotoSans-Regular(1)/m/n on input 
line 16.
LaTeX Font Info:    Redeclaring math alphabet \mathit on input line 16.
LaTeX Font Info:    Overwriting math alphabet `\mathit' in version `normal'
(Font)                  OT1/cmr/m/it --> EU1/NotoSans-Regular(1)/m/it on input 
line 16.
LaTeX Font Info:    Overwriting math alphabet `\mathit' in version `bold'
(Font)                  OT1/cmr/bx/it --> EU1/NotoSans-Regular(1)/m/it on input
 line 16.
LaTeX Font Info:    Redeclaring math alphabet \mathtt on input line 16.
LaTeX Font Info:    Overwriting math alphabet `\mathtt' in version `normal'
(Font)                  OT1/cmtt/m/n --> EU1/Inconsolata(1)/m/n on input line 1
6.
LaTeX Font Info:    Overwriting math alphabet `\mathtt' in version `bold'
(Font)                  OT1/cmtt/m/n --> EU1/Inconsolata(1)/m/n on input line 1
6.
LaTeX Font Info:    Overwriting symbol font `numbers' in version `bold'
(Font)                  EU1/NotoSans-Regular(1)/m/n --> EU1/NotoSans-Regular(1)
/bx/n on input line 16.
LaTeX Font Info:    Overwriting symbol font `pureletters' in version `bold'
(Font)                  EU1/NotoSans-Regular(1)/m/it --> EU1/NotoSans-Regular(1
)/bx/it on input line 16.
LaTeX Font Info:    Overwriting math alphabet `\mathrm' in version `bold'
(Font)                  OT1/cmss/bx/n --> EU1/NotoSans-Regular(1)/bx/n on input
 line 16.
LaTeX Font Info:    Overwriting math alphabet `\mathbf' in version `bold'
(Font)                  EU1/NotoSans-Regular(1)/bx/n --> EU1/NotoSans-Regular(1
)/bx/n on input line 16.
LaTeX Font Info:    Overwriting math alphabet `\mathsf' in version `bold'
(Font)                  EU1/NotoSans-Regular(1)/m/n --> EU1/NotoSans-Regular(1)
/bx/n on input line 16.
LaTeX Font Info:    Overwriting math alphabet `\mathit' in version `bold'
(Font)                  EU1/NotoSans-Regular(1)/m/it --> EU1/NotoSans-Regular(1
)/bx/it on input line 16.
LaTeX Font Info:    Overwriting math alphabet `\mathtt' in version `bold'
(Font)                  EU1/Inconsolata(1)/m/n --> EU1/Inconsolata(1)/bx/n on i
nput line 16.

("C:\Program Files (x86)\MiKTeX 2.9\tex\latex\beamer\base\translator\dicts\tran
slator-basic-dictionary\translator-basic-dictionary-English.dict"
Dictionary: translator-basic-dictionary, Language: English 
)
("C:\Program Files (x86)\MiKTeX 2.9\tex\latex\beamer\base\translator\dicts\tran
slator-bibliography-dictionary\translator-bibliography-dictionary-English.dict"
Dictionary: translator-bibliography-dictionary, Language: English 
)
("C:\Program Files (x86)\MiKTeX 2.9\tex\latex\beamer\base\translator\dicts\tran
slator-environment-dictionary\translator-environment-dictionary-English.dict"
Dictionary: translator-environment-dictionary, Language: English 
)
("C:\Program Files (x86)\MiKTeX 2.9\tex\latex\beamer\base\translator\dicts\tran
slator-months-dictionary\translator-months-dictionary-English.dict"
Dictionary: translator-months-dictionary, Language: English 
)
("C:\Program Files (x86)\MiKTeX 2.9\tex\latex\beamer\base\translator\dicts\tran
slator-numbers-dictionary\translator-numbers-dictionary-English.dict"
Dictionary: translator-numbers-dictionary, Language: English 
)
("C:\Program Files (x86)\MiKTeX 2.9\tex\latex\beamer\base\translator\dicts\tran
slator-theorem-dictionary\translator-theorem-dictionary-English.dict"
Dictionary: translator-theorem-dictionary, Language: English 
)
LaTeX Info: Redefining \includegraphics on input line 16.
.................................................
. fontspec info: "setup-math"
. 
. Adjusting the maths setup (use [no-math] to avoid this).
.................................................
\symlegacymaths=\mathgroup8
LaTeX Font Info:    Overwriting symbol font `legacymaths' in version `bold'
(Font)                  OT1/cmr/m/n --> OT1/cmr/bx/n on input line 16.
LaTeX Font Info:    Redeclaring math accent \acute on input line 16.
LaTeX Font Info:    Redeclaring math accent \grave on input line 16.
LaTeX Font Info:    Redeclaring math accent \ddot on input line 16.
LaTeX Font Info:    Redeclaring math accent \tilde on input line 16.
LaTeX Font Info:    Redeclaring math accent \bar on input line 16.
LaTeX Font Info:    Redeclaring math accent \breve on input line 16.
LaTeX Font Info:    Redeclaring math accent \check on input line 16.
LaTeX Font Info:    Redeclaring math accent \hat on input line 16.
LaTeX Font Info:    Redeclaring math accent \dot on input line 16.
LaTeX Font Info:    Redeclaring math accent \mathring on input line 16.
LaTeX Font Info:    Redeclaring math symbol \Gamma on input line 16.
LaTeX Font Info:    Redeclaring math symbol \Delta on input line 16.
LaTeX Font Info:    Redeclaring math symbol \Theta on input line 16.
LaTeX Font Info:    Redeclaring math symbol \Lambda on input line 16.
LaTeX Font Info:    Redeclaring math symbol \Xi on input line 16.
LaTeX Font Info:    Redeclaring math symbol \Pi on input line 16.
LaTeX Font Info:    Redeclaring math symbol \Sigma on input line 16.
LaTeX Font Info:    Redeclaring math symbol \Upsilon on input line 16.
LaTeX Font Info:    Redeclaring math symbol \Phi on input line 16.
LaTeX Font Info:    Redeclaring math symbol \Psi on input line 16.
LaTeX Font Info:    Redeclaring math symbol \Omega on input line 16.
LaTeX Font Info:    Redeclaring math symbol \mathdollar on input line 16.
LaTeX Font Info:    Redeclaring symbol font `operators' on input line 16.
LaTeX Font Info:    Encoding `OT1' has changed to `EU1' for symbol font
(Font)              `operators' in the math version `normal' on input line 16.
LaTeX Font Info:    Overwriting symbol font `operators' in version `normal'
(Font)                  OT1/cmss/m/n --> EU1/NotoSans-Regular(1)/m/n on input l
ine 16.
LaTeX Font Info:    Encoding `OT1' has changed to `EU1' for symbol font
(Font)              `operators' in the math version `bold' on input line 16.
LaTeX Font Info:    Overwriting symbol font `operators' in version `bold'
(Font)                  OT1/cmss/bx/n --> EU1/NotoSans-Regular(1)/m/n on input 
line 16.
LaTeX Font Info:    Overwriting symbol font `operators' in version `normal'
(Font)                  EU1/NotoSans-Regular(1)/m/n --> EU1/NotoSans-Regular(1)
/m/n on input line 16.
LaTeX Font Info:    Redeclaring math alphabet \mathrm on input line 16.
LaTeX Font Info:    Overwriting math alphabet `\mathit' in version `normal'
(Font)                  EU1/NotoSans-Regular(1)/m/it --> EU1/NotoSans-Regular(1
)/m/it on input line 16.
LaTeX Font Info:    Overwriting math alphabet `\mathbf' in version `normal'
(Font)                  EU1/NotoSans-Regular(1)/bx/n --> EU1/NotoSans-Regular(1
)/bx/n on input line 16.
LaTeX Font Info:    Overwriting math alphabet `\mathsf' in version `normal'
(Font)                  EU1/NotoSans-Regular(1)/m/n --> EU1/NotoSans-Regular(1)
/m/n on input line 16.
LaTeX Font Info:    Overwriting math alphabet `\mathtt' in version `normal'
(Font)                  EU1/Inconsolata(1)/m/n --> EU1/Inconsolata(1)/m/n on in
put line 16.
LaTeX Font Info:    Overwriting symbol font `operators' in version `bold'
(Font)                  EU1/NotoSans-Regular(1)/m/n --> EU1/NotoSans-Regular(1)
/bx/n on input line 16.
LaTeX Font Info:    Overwriting math alphabet `\mathit' in version `bold'
(Font)                  EU1/NotoSans-Regular(1)/bx/it --> EU1/NotoSans-Regular(
1)/bx/it on input line 16.
LaTeX Font Info:    Overwriting math alphabet `\mathsf' in version `bold'
(Font)                  EU1/NotoSans-Regular(1)/bx/n --> EU1/NotoSans-Regular(1
)/bx/n on input line 16.
LaTeX Font Info:    Overwriting math alphabet `\mathtt' in version `bold'
(Font)                  EU1/Inconsolata(1)/bx/n --> EU1/Inconsolata(1)/bx/n on 
input line 16.

(presento.nav)
Requested font "[fonts/NotoSans-Regular]/OT:script=latn;language=DFLT;mapping=t
ex-text;mapping=tex-text;" at 6.0pt
 -> ./fonts/NotoSans-Regular.ttf
Requested font "[fonts/Montserrat-Regular]/OT:script=latn;language=DFLT;" at 33
.00488pt
 -> ./fonts/Montserrat-Regular.ttf
Requested font "[fonts/NotoSans-Regular]/OT:script=latn;language=DFLT;mapping=t
ex-text;mapping=tex-text;" at 20.74pt
 -> ./fonts/NotoSans-Regular.ttf
Requested font "[fonts/Montserrat-Regular]/OT:script=latn;language=DFLT;" at 14
.4pt
 -> ./fonts/Montserrat-Regular.ttf
Requested font "[fonts/Montserrat-Regular]/OT:script=latn;language=DFLT;" at 17
.52472pt
 -> ./fonts/Montserrat-Regular.ttf
Requested font "[fonts/NotoSans-Regular]/OT:script=latn;language=DFLT;mapping=t
ex-text;mapping=tex-text;" at 17.52472pt
 -> ./fonts/NotoSans-Regular.ttf
Requested font "[fonts/NotoSans-Regular]/OT:script=latn;language=DFLT;mapping=t
ex-text;mapping=tex-text;" at 12.59999pt
 -> ./fonts/NotoSans-Regular.ttf
 [1

]
LaTeX Font Info:    Calculating math sizes for size <17.52472> on input line 30
.
Requested font "[fonts/NotoSans-Regular]/OT:script=latn;language=DFLT;mapping=t
ex-text;mapping=tex-text;" at 12.26724pt
 -> ./fonts/NotoSans-Regular.ttf
Requested font "[fonts/NotoSans-Regular]/OT:script=latn;language=DFLT;mapping=t
ex-text;mapping=tex-text;" at 8.76236pt
 -> ./fonts/NotoSans-Regular.ttf
Requested font "cmmi12" at 17.28pt
Requested font "cmmi12" at 12.0pt
Requested font "cmmi9" at 9.0pt
Requested font "cmsy10" at 17.28pt
Requested font "cmsy10" at 12.0pt
Requested font "cmsy9" at 9.0pt
Requested font "cmex10" at 17.52472pt
Requested font "cmex10" at 12.26724pt
Requested font "cmex9" at 8.76236pt
LaTeX Font Info:    Try loading font information for U+msa on input line 30.

("C:\Program Files (x86)\MiKTeX 2.9\tex\latex\amsfonts\umsa.fd"
File: umsa.fd 2013/01/14 v3.01 AMS symbols A
)
Requested font "msam10" at 17.52472pt
Requested font "msam10" at 12.26724pt
Requested font "msam10" at 8.76236pt
LaTeX Font Info:    Try loading font information for U+msb on input line 30.

("C:\Program Files (x86)\MiKTeX 2.9\tex\latex\amsfonts\umsb.fd"
File: umsb.fd 2013/01/14 v3.01 AMS symbols B
)
Requested font "msbm10" at 17.52472pt
Requested font "msbm10" at 12.26724pt
Requested font "msbm10" at 8.76236pt
Requested font "[fonts/NotoSans-Italic]/OT:script=latn;language=DFLT;mapping=te
x-text;mapping=tex-text;" at 17.52472pt
 -> ./fonts/NotoSans-Italic.ttf
Requested font "[fonts/NotoSans-Italic]/OT:script=latn;language=DFLT;mapping=te
x-text;mapping=tex-text;" at 12.26724pt
 -> ./fonts/NotoSans-Italic.ttf
Requested font "[fonts/NotoSans-Italic]/OT:script=latn;language=DFLT;mapping=te
x-text;mapping=tex-text;" at 8.76236pt
 -> ./fonts/NotoSans-Italic.ttf
Requested font "cmr17" at 17.28pt
Requested font "cmr12" at 12.0pt
Requested font "cmr9" at 9.0pt
Requested font "[fonts/Lato-Lig]/OT:script=latn;language=DFLT;" at 20.74pt
 -> ./fonts/Lato-Lig.ttf
Requested font "[fonts/NotoSans-Regular]/OT:script=latn;language=DFLT;mapping=t
ex-text;mapping=tex-text;" at 4.0pt
 -> ./fonts/NotoSans-Regular.ttf
 [2

]
Requested font "[fonts/NotoSans-Regular]/OT:script=latn;language=DFLT;" at 14.4
pt
 -> ./fonts/NotoSans-Regular.ttf
Requested font "[fonts/Lato-Lig]/OT:script=latn;language=DFLT;" at 14.4pt
 -> ./fonts/Lato-Lig.ttf
Requested font "[fonts/Inconsolata]/OT:" at 14.4pt
 -> ./fonts/Inconsolata.otf
Requested font "[fonts/AlegreyaSansSC-Regular]/OT:script=latn;language=DFLT;map
ping=tex-text;mapping=tex-text;" at 14.4pt
 -> ./fonts/AlegreyaSansSC-Regular.otf
 [3

]
[4

] [5

]
Requested font "[fonts/Montserrat-Bold]/OT:script=latn;language=DFLT;" at 33.00
488pt
 -> ./fonts/Montserrat-Bold.ttf
File: images/skeleton.jpg Graphic file (type QTm)
 <use  "images/skeleton.jpg" > [6

]
\tf@nav=\write6
\tf@toc=\write7
\tf@snm=\write8
Package atveryend Info: Empty hook `BeforeClearDocument' on input line 55.
Package atveryend Info: Empty hook `AfterLastShipout' on input line 55.
 (presento.aux)
Package atveryend Info: Empty hook `AtVeryEndDocument' on input line 55.
Package atveryend Info: Empty hook `AtEndAfterFileList' on input line 55.
Package atveryend Info: Empty hook `AtVeryVeryEnd' on input line 55.
 ) 
Here is how much of TeX's memory you used:
 36091 strings out of 428755
 708848 string characters out of 3163194
 713709 words of memory out of 3000000
 38902 multiletter control sequences out of 15000+200000
 9529 words of font info for 71 fonts, out of 3000000 for 9000
 1096 hyphenation exceptions out of 8191
 58i,15n,66p,10381b,865s stack positions out of 5000i,500n,10000p,200000b,50000s

Output written on presento.pdf (6 pages).
