Determining if the Q_WS_WIN exist failed with the following output:
Change Dir: /mnt/c/Users/albyr/Documents/argos-python/build/CMakeFiles/CMakeTmp

Run Build Command:"/usr/bin/make" "cmTC_6581e/fast"
/usr/bin/make -f CMakeFiles/cmTC_6581e.dir/build.make CMakeFiles/cmTC_6581e.dir/build
make[1]: Entering directory `/mnt/c/Users/albyr/Documents/argos-python/build/CMakeFiles/CMakeTmp'
Building CXX object CMakeFiles/cmTC_6581e.dir/CheckSymbolExists.cxx.o
/usr/bin/c++    -I/usr/include/qt4  -Wall    -o CMakeFiles/cmTC_6581e.dir/CheckSymbolExists.cxx.o -c /mnt/c/Users/albyr/Documents/argos-python/build/CMakeFiles/CMakeTmp/CheckSymbolExists.cxx
/mnt/c/Users/albyr/Documents/argos-python/build/CMakeFiles/CMakeTmp/CheckSymbolExists.cxx: In function ‘int main(int, char**)’:
/mnt/c/Users/albyr/Documents/argos-python/build/CMakeFiles/CMakeTmp/CheckSymbolExists.cxx:8:19: error: ‘Q_WS_WIN’ was not declared in this scope
   return ((int*)(&Q_WS_WIN))[argc];
                   ^
make[1]: *** [CMakeFiles/cmTC_6581e.dir/CheckSymbolExists.cxx.o] Error 1
make[1]: Leaving directory `/mnt/c/Users/albyr/Documents/argos-python/build/CMakeFiles/CMakeTmp'
make: *** [cmTC_6581e/fast] Error 2

File /mnt/c/Users/albyr/Documents/argos-python/build/CMakeFiles/CMakeTmp/CheckSymbolExists.cxx:
/* */
#include <QtCore/qglobal.h>

int main(int argc, char** argv)
{
  (void)argv;
#ifndef Q_WS_WIN
  return ((int*)(&Q_WS_WIN))[argc];
#else
  (void)argc;
  return 0;
#endif
}

Determining if the Q_WS_QWS exist failed with the following output:
Change Dir: /mnt/c/Users/albyr/Documents/argos-python/build/CMakeFiles/CMakeTmp

Run Build Command:"/usr/bin/make" "cmTC_dbb0c/fast"
/usr/bin/make -f CMakeFiles/cmTC_dbb0c.dir/build.make CMakeFiles/cmTC_dbb0c.dir/build
make[1]: Entering directory `/mnt/c/Users/albyr/Documents/argos-python/build/CMakeFiles/CMakeTmp'
Building CXX object CMakeFiles/cmTC_dbb0c.dir/CheckSymbolExists.cxx.o
/usr/bin/c++    -I/usr/include/qt4  -Wall    -o CMakeFiles/cmTC_dbb0c.dir/CheckSymbolExists.cxx.o -c /mnt/c/Users/albyr/Documents/argos-python/build/CMakeFiles/CMakeTmp/CheckSymbolExists.cxx
/mnt/c/Users/albyr/Documents/argos-python/build/CMakeFiles/CMakeTmp/CheckSymbolExists.cxx: In function ‘int main(int, char**)’:
/mnt/c/Users/albyr/Documents/argos-python/build/CMakeFiles/CMakeTmp/CheckSymbolExists.cxx:8:19: error: ‘Q_WS_QWS’ was not declared in this scope
   return ((int*)(&Q_WS_QWS))[argc];
                   ^
make[1]: *** [CMakeFiles/cmTC_dbb0c.dir/CheckSymbolExists.cxx.o] Error 1
make[1]: Leaving directory `/mnt/c/Users/albyr/Documents/argos-python/build/CMakeFiles/CMakeTmp'
make: *** [cmTC_dbb0c/fast] Error 2

File /mnt/c/Users/albyr/Documents/argos-python/build/CMakeFiles/CMakeTmp/CheckSymbolExists.cxx:
/* */
#include <QtCore/qglobal.h>

int main(int argc, char** argv)
{
  (void)argv;
#ifndef Q_WS_QWS
  return ((int*)(&Q_WS_QWS))[argc];
#else
  (void)argc;
  return 0;
#endif
}

Determining if the Q_WS_MAC exist failed with the following output:
Change Dir: /mnt/c/Users/albyr/Documents/argos-python/build/CMakeFiles/CMakeTmp

Run Build Command:"/usr/bin/make" "cmTC_9f8c6/fast"
/usr/bin/make -f CMakeFiles/cmTC_9f8c6.dir/build.make CMakeFiles/cmTC_9f8c6.dir/build
make[1]: Entering directory `/mnt/c/Users/albyr/Documents/argos-python/build/CMakeFiles/CMakeTmp'
Building CXX object CMakeFiles/cmTC_9f8c6.dir/CheckSymbolExists.cxx.o
/usr/bin/c++    -I/usr/include/qt4  -Wall    -o CMakeFiles/cmTC_9f8c6.dir/CheckSymbolExists.cxx.o -c /mnt/c/Users/albyr/Documents/argos-python/build/CMakeFiles/CMakeTmp/CheckSymbolExists.cxx
/mnt/c/Users/albyr/Documents/argos-python/build/CMakeFiles/CMakeTmp/CheckSymbolExists.cxx: In function ‘int main(int, char**)’:
/mnt/c/Users/albyr/Documents/argos-python/build/CMakeFiles/CMakeTmp/CheckSymbolExists.cxx:8:19: error: ‘Q_WS_MAC’ was not declared in this scope
   return ((int*)(&Q_WS_MAC))[argc];
                   ^
make[1]: *** [CMakeFiles/cmTC_9f8c6.dir/CheckSymbolExists.cxx.o] Error 1
make[1]: Leaving directory `/mnt/c/Users/albyr/Documents/argos-python/build/CMakeFiles/CMakeTmp'
make: *** [cmTC_9f8c6/fast] Error 2

File /mnt/c/Users/albyr/Documents/argos-python/build/CMakeFiles/CMakeTmp/CheckSymbolExists.cxx:
/* */
#include <QtCore/qglobal.h>

int main(int argc, char** argv)
{
  (void)argv;
#ifndef Q_WS_MAC
  return ((int*)(&Q_WS_MAC))[argc];
#else
  (void)argc;
  return 0;
#endif
}

